<?xml version="1.0" encoding="UTF-8"?>
<testng-results ignored="0" total="1" passed="1" failed="0" skipped="0">
  <reporter-output>
  </reporter-output>
  <suite started-at="2024-06-01T19:40:14 IST" name="Default suite" finished-at="2024-06-01T19:40:48 IST" duration-ms="34290">
    <groups>
    </groups>
    <test started-at="2024-06-01T19:40:14 IST" name="Default test" finished-at="2024-06-01T19:40:48 IST" duration-ms="34290">
      <class name="Report.Script1">
        <test-method signature="launch()[pri:0, instance:Report.Script1@fa49800]" started-at="2024-06-01T19:40:14 IST" name="launch" finished-at="2024-06-01T19:40:48 IST" duration-ms="34155" status="PASS">
          <reporter-output>
          </reporter-output>
        </test-method> <!-- launch -->
      </class> <!-- Report.Script1 -->
    </test> <!-- Default test -->
  </suite> <!-- Default suite -->
</testng-results>
