<?xml version="1.0" encoding="UTF-8"?>
<!-- Generated by org.testng.reporters.JUnitXMLReporter -->
<testsuite ignored="0" hostname="DESKTOP-QFPASDK" failures="0" tests="3" name="Test" time="51.847" errors="0" timestamp="2024-05-30T20:00:10 IST">
  <testcase classname="Ecom.EndToEndDemoWebShop" name="endToEndDemoWebShop" time="22.283"/>
  <testcase classname="Ecom.IntegrationDemoWebShop_Test" name="demoWebShop" time="16.133"/>
  <testcase classname="Ecom.FunctionalDemoWebShop_Test" name="demoWebShop" time="13.272"/>
</testsuite> <!-- Test -->
