<?xml version="1.0" encoding="UTF-8"?>
<testng-results ignored="0" total="1" passed="1" failed="0" skipped="0">
  <reporter-output>
  </reporter-output>
  <suite started-at="2024-05-30T20:16:19 IST" name="Surefire suite" finished-at="2024-05-30T20:16:33 IST" duration-ms="13615">
    <groups>
    </groups>
    <test started-at="2024-05-30T20:16:19 IST" name="Surefire test" finished-at="2024-05-30T20:16:33 IST" duration-ms="13615">
      <class name="Beauty.LaunchLakme_Test">
        <test-method signature="lakme()[pri:0, instance:Beauty.LaunchLakme_Test@24269709]" started-at="2024-05-30T20:16:19 IST" name="lakme" finished-at="2024-05-30T20:16:33 IST" duration-ms="13521" status="PASS">
          <reporter-output>
          </reporter-output>
        </test-method> <!-- lakme -->
      </class> <!-- Beauty.LaunchLakme_Test -->
    </test> <!-- Surefire test -->
  </suite> <!-- Surefire suite -->
</testng-results>
